  Source.cpp
C:\Users\Tamas\source\repos\Feladat1\Feladat1\Source.cpp(80,16): warning C4244: 'initializing': conversion from 'double' to 'float', possible loss of data
C:\Users\Tamas\source\repos\Feladat1\Feladat1\Source.cpp(98,45): warning C4244: 'argument': conversion from 'GLint' to 'GLfloat', possible loss of data
C:\Users\Tamas\source\repos\Feladat1\Feladat1\Source.cpp(98,32): warning C4244: 'argument': conversion from 'GLint' to 'GLfloat', possible loss of data
C:\Users\Tamas\source\repos\Feladat1\Feladat1\Source.cpp(129,81): warning C4244: 'argument': conversion from 'GLint' to 'GLfloat', possible loss of data
C:\Users\Tamas\source\repos\Feladat1\Feladat1\Source.cpp(129,68): warning C4244: 'argument': conversion from 'GLint' to 'GLfloat', possible loss of data
C:\Users\Tamas\source\repos\Feladat1\Feladat1\Source.cpp(184,27): warning C4244: 'initializing': conversion from 'double' to 'float', possible loss of data
  LINK : C:\Users\Tamas\source\repos\Feladat1\x64\Debug\Feladat1.exe not found or not built by the last incremental link; performing full link
glfw3.lib(init.obj) : warning LNK4099: PDB '' was not found with 'glfw3.lib(init.obj)' or at ''; linking object as if no debug info
glfw3.lib(monitor.obj) : warning LNK4099: PDB '' was not found with 'glfw3.lib(monitor.obj)' or at ''; linking object as if no debug info
glfw3.lib(window.obj) : warning LNK4099: PDB '' was not found with 'glfw3.lib(window.obj)' or at ''; linking object as if no debug info
glfw3.lib(input.obj) : warning LNK4099: PDB '' was not found with 'glfw3.lib(input.obj)' or at ''; linking object as if no debug info
glfw3.lib(context.obj) : warning LNK4099: PDB '' was not found with 'glfw3.lib(context.obj)' or at ''; linking object as if no debug info
glfw3.lib(win32_init.obj) : warning LNK4099: PDB '' was not found with 'glfw3.lib(win32_init.obj)' or at ''; linking object as if no debug info
glfw3.lib(win32_monitor.obj) : warning LNK4099: PDB '' was not found with 'glfw3.lib(win32_monitor.obj)' or at ''; linking object as if no debug info
glfw3.lib(win32_time.obj) : warning LNK4099: PDB '' was not found with 'glfw3.lib(win32_time.obj)' or at ''; linking object as if no debug info
glfw3.lib(win32_thread.obj) : warning LNK4099: PDB '' was not found with 'glfw3.lib(win32_thread.obj)' or at ''; linking object as if no debug info
glfw3.lib(vulkan.obj) : warning LNK4099: PDB '' was not found with 'glfw3.lib(vulkan.obj)' or at ''; linking object as if no debug info
glfw3.lib(win32_window.obj) : warning LNK4099: PDB '' was not found with 'glfw3.lib(win32_window.obj)' or at ''; linking object as if no debug info
glfw3.lib(win32_joystick.obj) : warning LNK4099: PDB '' was not found with 'glfw3.lib(win32_joystick.obj)' or at ''; linking object as if no debug info
glfw3.lib(wgl_context.obj) : warning LNK4099: PDB '' was not found with 'glfw3.lib(wgl_context.obj)' or at ''; linking object as if no debug info
glfw3.lib(egl_context.obj) : warning LNK4099: PDB '' was not found with 'glfw3.lib(egl_context.obj)' or at ''; linking object as if no debug info
glfw3.lib(osmesa_context.obj) : warning LNK4099: PDB '' was not found with 'glfw3.lib(osmesa_context.obj)' or at ''; linking object as if no debug info
  Feladat1.vcxproj -> C:\Users\Tamas\source\repos\Feladat1\x64\Debug\Feladat1.exe
