  Source.cpp
C:\Program Files (x86)\Windows Kits\10\Include\10.0.22621.0\shared\minwindef.h(130,9): warning C4005: 'APIENTRY': macro redefinition
  (compiling source file 'Source.cpp')
      C:\Users\Tamas\Documents\graf\OpenGLTemplate\include\GLFW\glfw3.h(123,11):
      see previous definition of 'APIENTRY'
  
C:\Users\Tamas\source\repos\Feladat2\Feladat2\Source.cpp(126,15): warning C4244: 'initializing': conversion from 'double' to 'GLfloat', possible loss of data
C:\Users\Tamas\source\repos\Feladat2\Feladat2\Source.cpp(162,19): warning C4244: 'initializing': conversion from 'double' to 'GLfloat', possible loss of data
C:\Users\Tamas\source\repos\Feladat2\Feladat2\Source.cpp(163,19): warning C4244: 'initializing': conversion from 'double' to 'GLfloat', possible loss of data
C:\Users\Tamas\source\repos\Feladat2\Feladat2\Source.cpp(161,11): warning C4101: 'i': unreferenced local variable
C:\Users\Tamas\source\repos\Feladat2\Feladat2\Source.cpp(175,19): warning C4244: 'initializing': conversion from 'double' to 'GLfloat', possible loss of data
C:\Users\Tamas\source\repos\Feladat2\Feladat2\Source.cpp(176,19): warning C4244: 'initializing': conversion from 'double' to 'GLfloat', possible loss of data
C:\Users\Tamas\source\repos\Feladat2\Feladat2\Source.cpp(196,90): warning C4244: 'argument': conversion from 'double' to 'GLfloat', possible loss of data
C:\Users\Tamas\source\repos\Feladat2\Feladat2\Source.cpp(196,76): warning C4244: 'argument': conversion from 'double' to 'GLfloat', possible loss of data
C:\Users\Tamas\source\repos\Feladat2\Feladat2\Source.cpp(196,66): warning C4267: 'argument': conversion from 'size_t' to 'GLint', possible loss of data
C:\Users\Tamas\source\repos\Feladat2\Feladat2\Source.cpp(209,90): warning C4244: 'argument': conversion from 'double' to 'GLfloat', possible loss of data
C:\Users\Tamas\source\repos\Feladat2\Feladat2\Source.cpp(209,76): warning C4244: 'argument': conversion from 'double' to 'GLfloat', possible loss of data
C:\Users\Tamas\source\repos\Feladat2\Feladat2\Source.cpp(209,66): warning C4267: 'argument': conversion from 'size_t' to 'GLint', possible loss of data
C:\Users\Tamas\source\repos\Feladat2\Feladat2\Source.cpp(278,63): warning C4267: 'argument': conversion from 'size_t' to 'GLsizei', possible loss of data
glfw3.lib(init.obj) : warning LNK4099: PDB '' was not found with 'glfw3.lib(init.obj)' or at ''; linking object as if no debug info
glfw3.lib(window.obj) : warning LNK4099: PDB '' was not found with 'glfw3.lib(window.obj)' or at ''; linking object as if no debug info
glfw3.lib(input.obj) : warning LNK4099: PDB '' was not found with 'glfw3.lib(input.obj)' or at ''; linking object as if no debug info
glfw3.lib(context.obj) : warning LNK4099: PDB '' was not found with 'glfw3.lib(context.obj)' or at ''; linking object as if no debug info
glfw3.lib(win32_init.obj) : warning LNK4099: PDB '' was not found with 'glfw3.lib(win32_init.obj)' or at ''; linking object as if no debug info
glfw3.lib(win32_monitor.obj) : warning LNK4099: PDB '' was not found with 'glfw3.lib(win32_monitor.obj)' or at ''; linking object as if no debug info
glfw3.lib(win32_time.obj) : warning LNK4099: PDB '' was not found with 'glfw3.lib(win32_time.obj)' or at ''; linking object as if no debug info
glfw3.lib(win32_thread.obj) : warning LNK4099: PDB '' was not found with 'glfw3.lib(win32_thread.obj)' or at ''; linking object as if no debug info
glfw3.lib(monitor.obj) : warning LNK4099: PDB '' was not found with 'glfw3.lib(monitor.obj)' or at ''; linking object as if no debug info
glfw3.lib(vulkan.obj) : warning LNK4099: PDB '' was not found with 'glfw3.lib(vulkan.obj)' or at ''; linking object as if no debug info
glfw3.lib(win32_window.obj) : warning LNK4099: PDB '' was not found with 'glfw3.lib(win32_window.obj)' or at ''; linking object as if no debug info
glfw3.lib(win32_joystick.obj) : warning LNK4099: PDB '' was not found with 'glfw3.lib(win32_joystick.obj)' or at ''; linking object as if no debug info
glfw3.lib(wgl_context.obj) : warning LNK4099: PDB '' was not found with 'glfw3.lib(wgl_context.obj)' or at ''; linking object as if no debug info
glfw3.lib(egl_context.obj) : warning LNK4099: PDB '' was not found with 'glfw3.lib(egl_context.obj)' or at ''; linking object as if no debug info
glfw3.lib(osmesa_context.obj) : warning LNK4099: PDB '' was not found with 'glfw3.lib(osmesa_context.obj)' or at ''; linking object as if no debug info
  Feladat2.vcxproj -> C:\Users\Tamas\source\repos\Feladat2\x64\Debug\Feladat2.exe
